2023-03-30 11:19:24.059 [restartedMain] "  " WARN  c.b.mybatisplus.core.injector.AbstractMethod - [com.recruit.mapper.NotifyMapper.update] Has been loaded by XML or SqlProvider or Mybatis's Annotation, so ignoring this injection for [class com.baomidou.mybatisplus.core.injector.methods.Update]
2023-03-30 11:39:18.930 [http-nio-5000-exec-2] "GET /recruit/resume/get/1 HTTP/1.1" WARN  o.s.w.s.m.m.a.ExceptionHandlerExceptionResolver - Resolved [io.github.talelin.autoconfigure.exception.TokenExpiredException: Token Expired]
2023-03-30 11:54:38.000 [http-nio-5000-exec-6] "POST /recruit/application HTTP/1.1" WARN  o.s.w.s.m.m.a.ExceptionHandlerExceptionResolver - Resolved [org.springframework.dao.DataIntegrityViolationException: 
### Error updating database.  Cause: java.sql.SQLException: Field 'resume_id' doesn't have a default value
### The error may exist in com/recruit/mapper/ApplicationMapper.java (best guess)
### The error may involve com.recruit.mapper.ApplicationMapper.insert-Inline
### The error occurred while setting parameters
### SQL: INSERT INTO application  ( position_id, user_id, hr_id, company_id )  VALUES  ( ?, ?, ?, ? )
### Cause: java.sql.SQLException: Field 'resume_id' doesn't have a default value
; Field 'resume_id' doesn't have a default value; nested exception is java.sql.SQLException: Field 'resume_id' doesn't have a default value]
2023-03-30 11:54:45.625 [http-nio-5000-exec-10] "GET /recruit/resume/null HTTP/1.1" WARN  o.s.w.s.m.m.a.ExceptionHandlerExceptionResolver - Resolved [org.springframework.web.method.annotation.MethodArgumentTypeMismatchException: Failed to convert value of type 'java.lang.String' to required type 'java.lang.Integer'; nested exception is java.lang.NumberFormatException: For input string: "null"]
2023-03-30 17:58:11.711 [restartedMain] "  " WARN  c.b.mybatisplus.core.injector.AbstractMethod - [com.recruit.mapper.NotifyMapper.update] Has been loaded by XML or SqlProvider or Mybatis's Annotation, so ignoring this injection for [class com.baomidou.mybatisplus.core.injector.methods.Update]
2023-03-30 18:01:10.189 [http-nio-5000-exec-1] "POST /recruit/user/login HTTP/1.1" WARN  o.s.w.s.m.m.a.ExceptionHandlerExceptionResolver - Resolved [org.springframework.web.bind.MethodArgumentNotValidException: Validation failed for argument [0] in public io.github.talelin.core.token.Tokens com.recruit.controller.UserController.login(com.recruit.dto.user.LoginDTO): [Field error in object 'loginDTO' on field 'password': rejected value []; codes [NotBlank.loginDTO.password,NotBlank.password,NotBlank.java.lang.String,NotBlank]; arguments [org.springframework.context.support.DefaultMessageSourceResolvable: codes [loginDTO.password,password]; arguments []; default message [password]]; default message [ÃÜÂë²»¿ÉÎª¿Õ]] ]
2023-03-30 18:22:41.178 [HikariPool-1 housekeeper] "  " WARN  com.zaxxer.hikari.pool.HikariPool - HikariPool-1 - Thread starvation or clock leap detected (housekeeper delta=20m30s319ms121µs200ns).
2023-03-30 18:25:24.176 [http-nio-5000-exec-9] "GET /recruit/resume/null HTTP/1.1" WARN  o.s.w.s.m.m.a.ExceptionHandlerExceptionResolver - Resolved [org.springframework.web.method.annotation.MethodArgumentTypeMismatchException: Failed to convert value of type 'java.lang.String' to required type 'java.lang.Integer'; nested exception is java.lang.NumberFormatException: For input string: "null"]
2023-03-30 18:28:14.172 [http-nio-5000-exec-8] "GET /recruit/position/page/keyword HTTP/1.1" WARN  o.s.w.s.m.m.a.ExceptionHandlerExceptionResolver - Failure in @ExceptionHandler com.recruit.common.exception.RestExceptionHandler#processException(Exception, HttpServletRequest, HttpServletResponse)
org.apache.catalina.connector.ClientAbortException: java.io.IOException: 你的主机中的软件中止了一个已建立的连接。
	at org.apache.catalina.connector.OutputBuffer.doFlush(OutputBuffer.java:309)
	at org.apache.catalina.connector.OutputBuffer.flush(OutputBuffer.java:272)
	at org.apache.catalina.connector.CoyoteOutputStream.flush(CoyoteOutputStream.java:118)
	at com.fasterxml.jackson.core.json.UTF8JsonGenerator.flush(UTF8JsonGenerator.java:1176)
	at com.fasterxml.jackson.databind.ObjectWriter.writeValue(ObjectWriter.java:1008)
	at org.springframework.http.converter.json.AbstractJackson2HttpMessageConverter.writeInternal(AbstractJackson2HttpMessageConverter.java:335)
	at org.springframework.http.converter.AbstractGenericHttpMessageConverter.write(AbstractGenericHttpMessageConverter.java:104)
	at org.springframework.web.servlet.mvc.method.annotation.AbstractMessageConverterMethodProcessor.writeWithMessageConverters(AbstractMessageConverterMethodProcessor.java:287)
	at org.springframework.web.servlet.mvc.method.annotation.RequestResponseBodyMethodProcessor.handleReturnValue(RequestResponseBodyMethodProcessor.java:181)
	at org.springframework.web.method.support.HandlerMethodReturnValueHandlerComposite.handleReturnValue(HandlerMethodReturnValueHandlerComposite.java:82)
	at org.springframework.web.servlet.mvc.method.annotation.ServletInvocableHandlerMethod.invokeAndHandle(ServletInvocableHandlerMethod.java:123)
	at org.springframework.web.servlet.mvc.method.annotation.ExceptionHandlerExceptionResolver.doResolveHandlerMethodException(ExceptionHandlerExceptionResolver.java:403)
	at org.springframework.web.servlet.handler.AbstractHandlerMethodExceptionResolver.doResolveException(AbstractHandlerMethodExceptionResolver.java:61)
	at org.springframework.web.servlet.handler.AbstractHandlerExceptionResolver.resolveException(AbstractHandlerExceptionResolver.java:141)
	at org.springframework.web.servlet.handler.HandlerExceptionResolverComposite.resolveException(HandlerExceptionResolverComposite.java:80)
	at org.springframework.web.servlet.DispatcherServlet.processHandlerException(DispatcherServlet.java:1300)
	at org.springframework.web.servlet.DispatcherServlet.processDispatchResult(DispatcherServlet.java:1111)
	at org.springframework.web.servlet.DispatcherServlet.doDispatch(DispatcherServlet.java:1057)
	at org.springframework.web.servlet.DispatcherServlet.doService(DispatcherServlet.java:943)
	at org.springframework.web.servlet.FrameworkServlet.processRequest(FrameworkServlet.java:1006)
	at org.springframework.web.servlet.FrameworkServlet.doGet(FrameworkServlet.java:898)
	at javax.servlet.http.HttpServlet.service(HttpServlet.java:626)
	at org.springframework.web.servlet.FrameworkServlet.service(FrameworkServlet.java:883)
	at javax.servlet.http.HttpServlet.service(HttpServlet.java:733)
	at org.apache.catalina.core.ApplicationFilterChain.internalDoFilter(ApplicationFilterChain.java:231)
	at org.apache.catalina.core.ApplicationFilterChain.doFilter(ApplicationFilterChain.java:166)
	at org.apache.tomcat.websocket.server.WsFilter.doFilter(WsFilter.java:53)
	at org.apache.catalina.core.ApplicationFilterChain.internalDoFilter(ApplicationFilterChain.java:193)
	at org.apache.catalina.core.ApplicationFilterChain.doFilter(ApplicationFilterChain.java:166)
	at com.recruit.module.log.MDCAccessServletFilter.doFilter(MDCAccessServletFilter.java:28)
	at org.apache.catalina.core.ApplicationFilterChain.internalDoFilter(ApplicationFilterChain.java:193)
	at org.apache.catalina.core.ApplicationFilterChain.doFilter(ApplicationFilterChain.java:166)
	at org.springframework.web.filter.RequestContextFilter.doFilterInternal(RequestContextFilter.java:100)
	at org.springframework.web.filter.OncePerRequestFilter.doFilter(OncePerRequestFilter.java:119)
	at org.apache.catalina.core.ApplicationFilterChain.internalDoFilter(ApplicationFilterChain.java:193)
	at org.apache.catalina.core.ApplicationFilterChain.doFilter(ApplicationFilterChain.java:166)
	at org.springframework.web.filter.FormContentFilter.doFilterInternal(FormContentFilter.java:93)
	at org.springframework.web.filter.OncePerRequestFilter.doFilter(OncePerRequestFilter.java:119)
	at org.apache.catalina.core.ApplicationFilterChain.internalDoFilter(ApplicationFilterChain.java:193)
	at org.apache.catalina.core.ApplicationFilterChain.doFilter(ApplicationFilterChain.java:166)
	at org.springframework.web.filter.CharacterEncodingFilter.doFilterInternal(CharacterEncodingFilter.java:201)
	at org.springframework.web.filter.OncePerRequestFilter.doFilter(OncePerRequestFilter.java:119)
	at org.apache.catalina.core.ApplicationFilterChain.internalDoFilter(ApplicationFilterChain.java:193)
	at org.apache.catalina.core.ApplicationFilterChain.doFilter(ApplicationFilterChain.java:166)
	at org.apache.catalina.core.StandardWrapperValve.invoke(StandardWrapperValve.java:202)
	at org.apache.catalina.core.StandardContextValve.invoke(StandardContextValve.java:96)
	at org.apache.catalina.authenticator.AuthenticatorBase.invoke(AuthenticatorBase.java:541)
	at org.apache.catalina.core.StandardHostValve.invoke(StandardHostValve.java:139)
	at org.apache.catalina.valves.ErrorReportValve.invoke(ErrorReportValve.java:92)
	at org.apache.catalina.core.StandardEngineValve.invoke(StandardEngineValve.java:74)
	at org.apache.catalina.connector.CoyoteAdapter.service(CoyoteAdapter.java:343)
	at org.apache.coyote.http11.Http11Processor.service(Http11Processor.java:373)
	at org.apache.coyote.AbstractProcessorLight.process(AbstractProcessorLight.java:65)
	at org.apache.coyote.AbstractProtocol$ConnectionHandler.process(AbstractProtocol.java:868)
	at org.apache.tomcat.util.net.NioEndpoint$SocketProcessor.doRun(NioEndpoint.java:1589)
	at org.apache.tomcat.util.net.SocketProcessorBase.run(SocketProcessorBase.java:49)
	at java.util.concurrent.ThreadPoolExecutor.runWorker(ThreadPoolExecutor.java:1142)
	at java.util.concurrent.ThreadPoolExecutor$Worker.run(ThreadPoolExecutor.java:617)
	at org.apache.tomcat.util.threads.TaskThread$WrappingRunnable.run(TaskThread.java:61)
	at java.lang.Thread.run(Thread.java:745)
Caused by: java.io.IOException: 你的主机中的软件中止了一个已建立的连接。
	at sun.nio.ch.SocketDispatcher.write0(Native Method)
	at sun.nio.ch.SocketDispatcher.write(SocketDispatcher.java:51)
	at sun.nio.ch.IOUtil.writeFromNativeBuffer(IOUtil.java:93)
	at sun.nio.ch.IOUtil.write(IOUtil.java:65)
	at sun.nio.ch.SocketChannelImpl.write(SocketChannelImpl.java:471)
	at org.apache.tomcat.util.net.NioChannel.write(NioChannel.java:138)
	at org.apache.tomcat.util.net.NioBlockingSelector.write(NioBlockingSelector.java:101)
	at org.apache.tomcat.util.net.NioSelectorPool.write(NioSelectorPool.java:152)
	at org.apache.tomcat.util.net.NioEndpoint$NioSocketWrapper.doWrite(NioEndpoint.java:1252)
	at org.apache.tomcat.util.net.SocketWrapperBase.doWrite(SocketWrapperBase.java:764)
	at org.apache.tomcat.util.net.SocketWrapperBase.flushBlocking(SocketWrapperBase.java:717)
	at org.apache.tomcat.util.net.SocketWrapperBase.flush(SocketWrapperBase.java:707)
	at org.apache.coyote.http11.Http11OutputBuffer$SocketOutputBuffer.flush(Http11OutputBuffer.java:564)
	at org.apache.coyote.http11.filters.ChunkedOutputFilter.flush(ChunkedOutputFilter.java:157)
	at org.apache.coyote.http11.Http11OutputBuffer.flush(Http11OutputBuffer.java:217)
	at org.apache.coyote.http11.Http11Processor.flush(Http11Processor.java:1179)
	at org.apache.coyote.AbstractProcessor.action(AbstractProcessor.java:399)
	at org.apache.coyote.Response.action(Response.java:209)
	at org.apache.catalina.connector.OutputBuffer.doFlush(OutputBuffer.java:305)
	... 59 common frames omitted
2023-03-30 18:35:29.634 [http-nio-5000-exec-9] "GET /recruit/resume/get/6 HTTP/1.1" WARN  o.s.w.s.m.m.a.ExceptionHandlerExceptionResolver - Resolved [io.github.talelin.autoconfigure.exception.AuthenticationException: Authentication Failed]
2023-03-30 19:59:25.305 [HikariPool-1 housekeeper] "  " WARN  com.zaxxer.hikari.pool.HikariPool - HikariPool-1 - Thread starvation or clock leap detected (housekeeper delta=18m42s288ms901µs500ns).
2023-03-30 20:06:24.778 [HikariPool-1 housekeeper] "  " WARN  com.zaxxer.hikari.pool.HikariPool - HikariPool-1 - Thread starvation or clock leap detected (housekeeper delta=2m32s611ms867µs100ns).
2023-03-30 22:00:38.111 [http-nio-5000-exec-4] "POST /recruit/user/login HTTP/1.1" WARN  o.s.w.s.m.m.a.ExceptionHandlerExceptionResolver - Resolved [io.github.talelin.autoconfigure.exception.ParameterException: Parameters Error]
2023-03-30 22:07:15.920 [restartedMain] "  " WARN  c.b.mybatisplus.core.injector.AbstractMethod - [com.recruit.mapper.NotifyMapper.update] Has been loaded by XML or SqlProvider or Mybatis's Annotation, so ignoring this injection for [class com.baomidou.mybatisplus.core.injector.methods.Update]
2023-03-30 22:07:31.967 [http-nio-5000-exec-9] "POST /recruit/user/login HTTP/1.1" WARN  o.s.w.s.m.m.a.ExceptionHandlerExceptionResolver - Resolved [io.github.talelin.autoconfigure.exception.ParameterException: Parameters Error]
2023-03-30 22:07:35.869 [http-nio-5000-exec-10] "POST /recruit/user/login HTTP/1.1" WARN  o.s.w.s.m.m.a.ExceptionHandlerExceptionResolver - Resolved [io.github.talelin.autoconfigure.exception.ParameterException: Parameters Error]
2023-03-30 22:07:38.152 [http-nio-5000-exec-1] "POST /recruit/user/login HTTP/1.1" WARN  o.s.w.s.m.m.a.ExceptionHandlerExceptionResolver - Resolved [io.github.talelin.autoconfigure.exception.ParameterException: Parameters Error]
2023-03-30 22:14:41.581 [http-nio-5000-exec-2] "POST /recruit/user/login HTTP/1.1" WARN  o.s.w.s.m.m.a.ExceptionHandlerExceptionResolver - Resolved [io.github.talelin.autoconfigure.exception.ParameterException: Parameters Error]
2023-03-30 22:14:45.083 [http-nio-5000-exec-4] "POST /recruit/user/login HTTP/1.1" WARN  o.s.w.s.m.m.a.ExceptionHandlerExceptionResolver - Resolved [io.github.talelin.autoconfigure.exception.ParameterException: Parameters Error]
2023-03-30 22:18:18.142 [restartedMain] "  " WARN  c.b.mybatisplus.core.injector.AbstractMethod - [com.recruit.mapper.NotifyMapper.update] Has been loaded by XML or SqlProvider or Mybatis's Annotation, so ignoring this injection for [class com.baomidou.mybatisplus.core.injector.methods.Update]
2023-03-30 22:18:29.047 [http-nio-5000-exec-1] "POST /recruit/user/login HTTP/1.1" WARN  o.s.w.s.m.m.a.ExceptionHandlerExceptionResolver - Resolved [io.github.talelin.autoconfigure.exception.ParameterException: Parameters Error]
2023-03-30 22:18:31.810 [http-nio-5000-exec-4] "POST /recruit/user/login HTTP/1.1" WARN  o.s.w.s.m.m.a.ExceptionHandlerExceptionResolver - Resolved [io.github.talelin.autoconfigure.exception.ParameterException: Parameters Error]
2023-03-30 22:18:35.883 [http-nio-5000-exec-3] "POST /recruit/user/login HTTP/1.1" WARN  o.s.w.s.m.m.a.ExceptionHandlerExceptionResolver - Resolved [io.github.talelin.autoconfigure.exception.ParameterException: Parameters Error]
2023-03-30 22:18:40.318 [http-nio-5000-exec-6] "POST /recruit/user/login HTTP/1.1" WARN  o.s.w.s.m.m.a.ExceptionHandlerExceptionResolver - Resolved [org.springframework.web.bind.MethodArgumentNotValidException: Validation failed for argument [0] in public io.github.talelin.core.token.Tokens com.recruit.controller.UserController.login(com.recruit.dto.user.LoginDTO): [Field error in object 'loginDTO' on field 'password': rejected value []; codes [NotBlank.loginDTO.password,NotBlank.password,NotBlank.java.lang.String,NotBlank]; arguments [org.springframework.context.support.DefaultMessageSourceResolvable: codes [loginDTO.password,password]; arguments []; default message [password]]; default message [密码不可为空]] ]
2023-03-30 22:19:22.276 [http-nio-5000-exec-8] "GET /recruit/notify HTTP/1.1" WARN  o.s.w.s.m.m.a.ExceptionHandlerExceptionResolver - Resolved [java.lang.NullPointerException]
2023-03-30 22:29:47.493 [http-nio-5000-exec-7] "GET /recruit/resume/get/7 HTTP/1.1" WARN  o.s.w.s.m.m.a.ExceptionHandlerExceptionResolver - Resolved [io.github.talelin.autoconfigure.exception.AuthenticationException: Authentication Failed]
2023-03-30 22:29:53.640 [http-nio-5000-exec-9] "GET /recruit/resume/get/7 HTTP/1.1" WARN  o.s.w.s.m.m.a.ExceptionHandlerExceptionResolver - Resolved [io.github.talelin.autoconfigure.exception.AuthenticationException: Authentication Failed]
2023-03-30 22:30:08.465 [http-nio-5000-exec-10] "GET /recruit/resume/get/7 HTTP/1.1" WARN  o.s.w.s.m.m.a.ExceptionHandlerExceptionResolver - Resolved [io.github.talelin.autoconfigure.exception.AuthenticationException: Authentication Failed]
2023-03-30 22:30:43.429 [http-nio-5000-exec-5] "GET /recruit/resume/get/8 HTTP/1.1" WARN  o.s.w.s.m.m.a.ExceptionHandlerExceptionResolver - Resolved [io.github.talelin.autoconfigure.exception.AuthenticationException: Authentication Failed]
