2023-04-06 12:02:56.116 [http-nio-5000-exec-7] "GET /recruit/position/sort HTTP/1.1" DEBUG org.springframework.web.servlet.DispatcherServlet - GET "/recruit/position/sort", parameters={}
2023-04-06 12:02:56.116 [http-nio-5000-exec-10] "GET /recruit/category/show HTTP/1.1" DEBUG org.springframework.web.servlet.DispatcherServlet - GET "/recruit/category/show", parameters={}
2023-04-06 12:02:56.117 [http-nio-5000-exec-3] "GET /recruit/position/page/keyword HTTP/1.1" DEBUG org.springframework.web.servlet.DispatcherServlet - GET "/recruit/position/page/keyword?page=0&count=12&keyword=", parameters={masked}
2023-04-06 12:02:56.138 [http-nio-5000-exec-10] "GET /recruit/category/show HTTP/1.1" DEBUG o.s.w.s.m.m.a.RequestMappingHandlerMapping - Mapped to com.recruit.controller.CategoryController#show()
2023-04-06 12:02:56.116 [http-nio-5000-exec-8] "GET /recruit/company/find HTTP/1.1" DEBUG org.springframework.web.servlet.DispatcherServlet - GET "/recruit/company/find", parameters={}
2023-04-06 12:02:56.135 [http-nio-5000-exec-7] "GET /recruit/position/sort HTTP/1.1" DEBUG o.s.w.s.m.m.a.RequestMappingHandlerMapping - Mapped to com.recruit.controller.PositionController#sort()
2023-04-06 12:02:56.138 [http-nio-5000-exec-3] "GET /recruit/position/page/keyword HTTP/1.1" DEBUG o.s.w.s.m.m.a.RequestMappingHandlerMapping - Mapped to com.recruit.controller.PositionController#pageKeyword(Integer, Integer, String)
2023-04-06 12:02:56.138 [http-nio-5000-exec-8] "GET /recruit/company/find HTTP/1.1" DEBUG o.s.w.s.m.m.a.RequestMappingHandlerMapping - Mapped to com.recruit.controller.CompanyController#findHot()
2023-04-06 12:02:56.150 [http-nio-5000-exec-8] "GET /recruit/company/find HTTP/1.1" DEBUG com.recruit.mapper.CompanyMapper.findHotCompany - ==>  Preparing: SELECT * FROM `company` where delete_time is null and state = 1 LIMIT 0,8
2023-04-06 12:02:56.150 [http-nio-5000-exec-7] "GET /recruit/position/sort HTTP/1.1" DEBUG com.recruit.mapper.PositionMapper.sortByHits - ==>  Preparing: SELECT p.*,c.name as company_name,c.logo FROM position p,company c where p.company_id = c.id and p.delete_time is null and p.state = 1 ORDER BY hits desc LIMIT 0,8
2023-04-06 12:02:56.150 [http-nio-5000-exec-8] "GET /recruit/company/find HTTP/1.1" DEBUG com.recruit.mapper.CompanyMapper.findHotCompany - ==> Parameters: 
2023-04-06 12:02:56.150 [http-nio-5000-exec-7] "GET /recruit/position/sort HTTP/1.1" DEBUG com.recruit.mapper.PositionMapper.sortByHits - ==> Parameters: 
2023-04-06 12:02:56.150 [http-nio-5000-exec-10] "GET /recruit/category/show HTTP/1.1" DEBUG com.recruit.mapper.CategoryMapper.show - ==>  Preparing: SELECT * FROM category where delete_time is null LIMIT 0,9
2023-04-06 12:02:56.150 [http-nio-5000-exec-10] "GET /recruit/category/show HTTP/1.1" DEBUG com.recruit.mapper.CategoryMapper.show - ==> Parameters: 
2023-04-06 12:02:56.151 [http-nio-5000-exec-3] "GET /recruit/position/page/keyword HTTP/1.1" DEBUG com.recruit.mapper.PositionMapper.getPageByKeyword - ==>  Preparing: SELECT COUNT(1) FROM position p LEFT JOIN company c ON p.company_id = c.id LEFT JOIN category ca ON p.category_id = ca.id WHERE p.state = 1 AND p.delete_time IS NULL AND p.title LIKE concat('%', ?, '%')
2023-04-06 12:02:56.151 [http-nio-5000-exec-3] "GET /recruit/position/page/keyword HTTP/1.1" DEBUG com.recruit.mapper.PositionMapper.getPageByKeyword - ==> Parameters: (String)
2023-04-06 12:02:56.159 [http-nio-5000-exec-8] "GET /recruit/company/find HTTP/1.1" DEBUG com.recruit.mapper.CompanyMapper.findHotCompany - <==      Total: 8
2023-04-06 12:02:56.159 [http-nio-5000-exec-10] "GET /recruit/category/show HTTP/1.1" DEBUG com.recruit.mapper.CategoryMapper.show - <==      Total: 9
2023-04-06 12:02:56.159 [http-nio-5000-exec-8] "GET /recruit/company/find HTTP/1.1" DEBUG o.s.w.s.m.m.a.RequestResponseBodyMethodProcessor - Using 'application/json', given [application/json, text/plain, */*] and supported [application/json, application/*+json, application/json, application/*+json]
2023-04-06 12:02:56.160 [http-nio-5000-exec-8] "GET /recruit/company/find HTTP/1.1" DEBUG o.s.w.s.m.m.a.RequestResponseBodyMethodProcessor - Writing [[CompanyDO(name=阿里巴巴, foreignName=Alibaba, city=中国杭州1, logo=https://bjck.xilikeli.cn/61007a1aced342c (truncated)...]
2023-04-06 12:02:56.160 [http-nio-5000-exec-7] "GET /recruit/position/sort HTTP/1.1" DEBUG com.recruit.mapper.PositionMapper.sortByHits - <==      Total: 8
2023-04-06 12:02:56.160 [http-nio-5000-exec-10] "GET /recruit/category/show HTTP/1.1" DEBUG o.s.w.s.m.m.a.RequestResponseBodyMethodProcessor - Using 'application/json', given [application/json, text/plain, */*] and supported [application/json, application/*+json, application/json, application/*+json]
2023-04-06 12:02:56.160 [http-nio-5000-exec-10] "GET /recruit/category/show HTTP/1.1" DEBUG o.s.w.s.m.m.a.RequestResponseBodyMethodProcessor - Writing [[CategoryDO(name=Java开发, description=这个分类是Java开发), CategoryDO(name=C++开发, description=这个分类是C++开发), C (truncated)...]
2023-04-06 12:02:56.167 [http-nio-5000-exec-7] "GET /recruit/position/sort HTTP/1.1" DEBUG o.s.w.s.m.m.a.RequestResponseBodyMethodProcessor - Using 'application/json', given [application/json, text/plain, */*] and supported [application/json, application/*+json, application/json, application/*+json]
2023-04-06 12:02:56.167 [http-nio-5000-exec-7] "GET /recruit/position/sort HTTP/1.1" DEBUG o.s.w.s.m.m.a.RequestResponseBodyMethodProcessor - Writing [[PositionResultDO(CategoryName=null, CompanyName=阿里巴巴, CompanyDesc=null, logo=https://bjck.xilikeli. (truncated)...]
2023-04-06 12:02:56.167 [http-nio-5000-exec-3] "GET /recruit/position/page/keyword HTTP/1.1" DEBUG com.recruit.mapper.PositionMapper.getPageByKeyword - ==>  Preparing: SELECT p.*,c.id as company_id,c.name as company_name,c.description as company_desc,c.logo as logo,ca.id as category_id,ca.name as category_name FROM position p left join company c on p.company_id = c.id left join category ca on p.category_id = ca.id where p.state = 1 and p.delete_time is null and p.title like concat('%',?,'%') LIMIT ?
2023-04-06 12:02:56.168 [http-nio-5000-exec-3] "GET /recruit/position/page/keyword HTTP/1.1" DEBUG com.recruit.mapper.PositionMapper.getPageByKeyword - ==> Parameters: (String), 12(Long)
2023-04-06 12:02:56.170 [http-nio-5000-exec-8] "GET /recruit/company/find HTTP/1.1" DEBUG org.springframework.web.servlet.DispatcherServlet - Completed 200 OK
2023-04-06 12:02:56.170 [http-nio-5000-exec-7] "GET /recruit/position/sort HTTP/1.1" DEBUG org.springframework.web.servlet.DispatcherServlet - Completed 200 OK
2023-04-06 12:02:56.171 [http-nio-5000-exec-10] "GET /recruit/category/show HTTP/1.1" DEBUG org.springframework.web.servlet.DispatcherServlet - Completed 200 OK
2023-04-06 12:02:56.172 [http-nio-5000-exec-3] "GET /recruit/position/page/keyword HTTP/1.1" DEBUG com.recruit.mapper.PositionMapper.getPageByKeyword - <==      Total: 12
2023-04-06 12:02:56.172 [http-nio-5000-exec-3] "GET /recruit/position/page/keyword HTTP/1.1" DEBUG o.s.w.s.m.m.a.RequestResponseBodyMethodProcessor - Using 'application/json', given [application/json, text/plain, */*] and supported [application/json, application/*+json, application/json, application/*+json]
2023-04-06 12:02:56.173 [http-nio-5000-exec-3] "GET /recruit/position/page/keyword HTTP/1.1" DEBUG o.s.w.s.m.m.a.RequestResponseBodyMethodProcessor - Writing [PageResponseVO(total=16, items=[PositionResultDO(CategoryName=Java开发, CompanyName=阿里巴巴, CompanyDesc= (truncated)...]
2023-04-06 12:02:56.180 [http-nio-5000-exec-3] "GET /recruit/position/page/keyword HTTP/1.1" DEBUG org.springframework.web.servlet.DispatcherServlet - Completed 200 OK
