2023-04-02 21:17:08.697 [http-nio-5000-exec-9] "GET /recruit/position/page/keyword HTTP/1.1" DEBUG org.springframework.web.servlet.DispatcherServlet - GET "/recruit/position/page/keyword?page=0&count=12&keyword=", parameters={masked}
2023-04-02 21:17:08.697 [http-nio-5000-exec-6] "GET /recruit/category/show HTTP/1.1" DEBUG org.springframework.web.servlet.DispatcherServlet - GET "/recruit/category/show", parameters={}
2023-04-02 21:17:08.697 [http-nio-5000-exec-5] "GET /recruit/company/find HTTP/1.1" DEBUG org.springframework.web.servlet.DispatcherServlet - GET "/recruit/company/find", parameters={}
2023-04-02 21:17:08.697 [http-nio-5000-exec-7] "GET /recruit/position/sort HTTP/1.1" DEBUG org.springframework.web.servlet.DispatcherServlet - GET "/recruit/position/sort", parameters={}
2023-04-02 21:17:08.765 [http-nio-5000-exec-5] "GET /recruit/company/find HTTP/1.1" DEBUG o.s.w.s.m.m.a.RequestMappingHandlerMapping - Mapped to com.recruit.controller.CompanyController#findHot()
2023-04-02 21:17:08.765 [http-nio-5000-exec-6] "GET /recruit/category/show HTTP/1.1" DEBUG o.s.w.s.m.m.a.RequestMappingHandlerMapping - Mapped to com.recruit.controller.CategoryController#show()
2023-04-02 21:17:08.765 [http-nio-5000-exec-9] "GET /recruit/position/page/keyword HTTP/1.1" DEBUG o.s.w.s.m.m.a.RequestMappingHandlerMapping - Mapped to com.recruit.controller.PositionController#pageKeyword(Integer, Integer, String)
2023-04-02 21:17:08.765 [http-nio-5000-exec-7] "GET /recruit/position/sort HTTP/1.1" DEBUG o.s.w.s.m.m.a.RequestMappingHandlerMapping - Mapped to com.recruit.controller.PositionController#sort()
2023-04-02 21:17:08.846 [http-nio-5000-exec-5] "GET /recruit/company/find HTTP/1.1" DEBUG com.recruit.mapper.CompanyMapper.findHotCompany - ==>  Preparing: SELECT * FROM `company` where delete_time is null and state = 1 LIMIT 0,8
2023-04-02 21:17:08.854 [http-nio-5000-exec-5] "GET /recruit/company/find HTTP/1.1" DEBUG com.recruit.mapper.CompanyMapper.findHotCompany - ==> Parameters: 
2023-04-02 21:17:08.862 [http-nio-5000-exec-9] "GET /recruit/position/page/keyword HTTP/1.1" DEBUG com.recruit.mapper.PositionMapper.getPageByKeyword - ==>  Preparing: SELECT COUNT(1) FROM position p LEFT JOIN company c ON p.company_id = c.id LEFT JOIN category ca ON p.category_id = ca.id WHERE p.state = 1 AND p.delete_time IS NULL AND p.title LIKE concat('%', ?, '%')
2023-04-02 21:17:08.864 [http-nio-5000-exec-9] "GET /recruit/position/page/keyword HTTP/1.1" DEBUG com.recruit.mapper.PositionMapper.getPageByKeyword - ==> Parameters: (String)
2023-04-02 21:17:08.882 [http-nio-5000-exec-6] "GET /recruit/category/show HTTP/1.1" DEBUG com.recruit.mapper.CategoryMapper.show - ==>  Preparing: SELECT * FROM category where delete_time is null LIMIT 0,9
2023-04-02 21:17:08.882 [http-nio-5000-exec-7] "GET /recruit/position/sort HTTP/1.1" DEBUG com.recruit.mapper.PositionMapper.sortByHits - ==>  Preparing: SELECT p.*,c.name as company_name,c.logo FROM position p,company c where p.company_id = c.id and p.delete_time is null and p.state = 1 ORDER BY hits desc LIMIT 0,8
2023-04-02 21:17:08.883 [http-nio-5000-exec-6] "GET /recruit/category/show HTTP/1.1" DEBUG com.recruit.mapper.CategoryMapper.show - ==> Parameters: 
2023-04-02 21:17:08.883 [http-nio-5000-exec-7] "GET /recruit/position/sort HTTP/1.1" DEBUG com.recruit.mapper.PositionMapper.sortByHits - ==> Parameters: 
2023-04-02 21:17:08.901 [http-nio-5000-exec-6] "GET /recruit/category/show HTTP/1.1" DEBUG com.recruit.mapper.CategoryMapper.show - <==      Total: 9
2023-04-02 21:17:08.901 [http-nio-5000-exec-5] "GET /recruit/company/find HTTP/1.1" DEBUG com.recruit.mapper.CompanyMapper.findHotCompany - <==      Total: 8
2023-04-02 21:17:08.906 [http-nio-5000-exec-7] "GET /recruit/position/sort HTTP/1.1" DEBUG com.recruit.mapper.PositionMapper.sortByHits - <==      Total: 8
2023-04-02 21:17:08.912 [http-nio-5000-exec-9] "GET /recruit/position/page/keyword HTTP/1.1" DEBUG com.recruit.mapper.PositionMapper.getPageByKeyword - ==>  Preparing: SELECT p.*,c.id as company_id,c.name as company_name,c.description as company_desc,c.logo as logo,ca.id as category_id,ca.name as category_name FROM position p left join company c on p.company_id = c.id left join category ca on p.category_id = ca.id where p.state = 1 and p.delete_time is null and p.title like concat('%',?,'%') LIMIT ?
2023-04-02 21:17:08.913 [http-nio-5000-exec-9] "GET /recruit/position/page/keyword HTTP/1.1" DEBUG com.recruit.mapper.PositionMapper.getPageByKeyword - ==> Parameters: (String), 12(Long)
2023-04-02 21:17:08.916 [http-nio-5000-exec-9] "GET /recruit/position/page/keyword HTTP/1.1" DEBUG com.recruit.mapper.PositionMapper.getPageByKeyword - <==      Total: 12
2023-04-02 21:17:08.916 [http-nio-5000-exec-7] "GET /recruit/position/sort HTTP/1.1" DEBUG o.s.w.s.m.m.a.RequestResponseBodyMethodProcessor - Using 'application/json', given [application/json, text/plain, */*] and supported [application/json, application/*+json, application/json, application/*+json]
2023-04-02 21:17:08.916 [http-nio-5000-exec-6] "GET /recruit/category/show HTTP/1.1" DEBUG o.s.w.s.m.m.a.RequestResponseBodyMethodProcessor - Using 'application/json', given [application/json, text/plain, */*] and supported [application/json, application/*+json, application/json, application/*+json]
2023-04-02 21:17:08.916 [http-nio-5000-exec-5] "GET /recruit/company/find HTTP/1.1" DEBUG o.s.w.s.m.m.a.RequestResponseBodyMethodProcessor - Using 'application/json', given [application/json, text/plain, */*] and supported [application/json, application/*+json, application/json, application/*+json]
2023-04-02 21:17:08.916 [http-nio-5000-exec-7] "GET /recruit/position/sort HTTP/1.1" DEBUG o.s.w.s.m.m.a.RequestResponseBodyMethodProcessor - Writing [[PositionResultDO(CategoryName=null, CompanyName=阿里巴巴, CompanyDesc=null, logo=https://bjck.xilikeli. (truncated)...]
2023-04-02 21:17:08.916 [http-nio-5000-exec-5] "GET /recruit/company/find HTTP/1.1" DEBUG o.s.w.s.m.m.a.RequestResponseBodyMethodProcessor - Writing [[CompanyDO(name=阿里巴巴, foreignName=Alibaba, city=中国杭州1, logo=https://bjck.xilikeli.cn/61007a1aced342c (truncated)...]
2023-04-02 21:17:08.916 [http-nio-5000-exec-6] "GET /recruit/category/show HTTP/1.1" DEBUG o.s.w.s.m.m.a.RequestResponseBodyMethodProcessor - Writing [[CategoryDO(name=Java开发, description=这个分类是Java开发), CategoryDO(name=C++开发, description=这个分类是C++开发), C (truncated)...]
2023-04-02 21:17:08.917 [http-nio-5000-exec-9] "GET /recruit/position/page/keyword HTTP/1.1" DEBUG o.s.w.s.m.m.a.RequestResponseBodyMethodProcessor - Using 'application/json', given [application/json, text/plain, */*] and supported [application/json, application/*+json, application/json, application/*+json]
2023-04-02 21:17:08.917 [http-nio-5000-exec-9] "GET /recruit/position/page/keyword HTTP/1.1" DEBUG o.s.w.s.m.m.a.RequestResponseBodyMethodProcessor - Writing [PageResponseVO(total=16, items=[PositionResultDO(CategoryName=Java开发, CompanyName=阿里巴巴, CompanyDesc= (truncated)...]
2023-04-02 21:17:08.931 [http-nio-5000-exec-7] "GET /recruit/position/sort HTTP/1.1" DEBUG org.springframework.web.servlet.DispatcherServlet - Completed 200 OK
2023-04-02 21:17:08.933 [http-nio-5000-exec-5] "GET /recruit/company/find HTTP/1.1" DEBUG org.springframework.web.servlet.DispatcherServlet - Completed 200 OK
2023-04-02 21:17:08.933 [http-nio-5000-exec-9] "GET /recruit/position/page/keyword HTTP/1.1" DEBUG org.springframework.web.servlet.DispatcherServlet - Completed 200 OK
2023-04-02 21:17:08.933 [http-nio-5000-exec-6] "GET /recruit/category/show HTTP/1.1" DEBUG org.springframework.web.servlet.DispatcherServlet - Completed 200 OK
2023-04-02 21:17:19.813 [http-nio-5000-exec-3] "OPTIONS /recruit/user/login HTTP/1.1" DEBUG org.springframework.web.servlet.DispatcherServlet - OPTIONS "/recruit/user/login", parameters={}
2023-04-02 21:17:19.815 [http-nio-5000-exec-3] "OPTIONS /recruit/user/login HTTP/1.1" DEBUG o.s.w.s.m.m.a.RequestMappingHandlerMapping - Mapped to com.recruit.controller.UserController#login(LoginDTO)
2023-04-02 21:17:19.817 [http-nio-5000-exec-3] "OPTIONS /recruit/user/login HTTP/1.1" DEBUG org.springframework.web.servlet.DispatcherServlet - Completed 200 OK
2023-04-02 21:17:19.864 [http-nio-5000-exec-10] "POST /recruit/user/login HTTP/1.1" DEBUG org.springframework.web.servlet.DispatcherServlet - POST "/recruit/user/login", parameters={}
2023-04-02 21:17:19.865 [http-nio-5000-exec-10] "POST /recruit/user/login HTTP/1.1" DEBUG o.s.w.s.m.m.a.RequestMappingHandlerMapping - Mapped to com.recruit.controller.UserController#login(LoginDTO)
2023-04-02 21:17:19.879 [http-nio-5000-exec-10] "POST /recruit/user/login HTTP/1.1" DEBUG o.s.w.s.m.m.a.RequestResponseBodyMethodProcessor - Read "application/json;charset=UTF-8" to [LoginDTO(username=hr1, password=123456)]
2023-04-02 21:17:20.035 [http-nio-5000-exec-10] "POST /recruit/user/login HTTP/1.1" DEBUG com.recruit.mapper.UserMapper.selectOne - ==>  Preparing: SELECT id,username,nickname,avatar,email,tel,create_time,update_time,delete_time FROM `user` WHERE delete_time IS NULL AND (username = ?)
2023-04-02 21:17:20.035 [http-nio-5000-exec-10] "POST /recruit/user/login HTTP/1.1" DEBUG com.recruit.mapper.UserMapper.selectOne - ==> Parameters: hr1(String)
2023-04-02 21:17:20.052 [http-nio-5000-exec-10] "POST /recruit/user/login HTTP/1.1" DEBUG com.recruit.mapper.UserMapper.selectOne - <==      Total: 1
2023-04-02 21:17:20.062 [http-nio-5000-exec-10] "POST /recruit/user/login HTTP/1.1" DEBUG com.recruit.mapper.UserIdentityMapper.selectOne - ==>  Preparing: SELECT id,user_id,identity_type,identifier,credential,create_time,update_time,delete_time FROM user_identity WHERE delete_time IS NULL AND (user_id = ? AND identity_type = ? AND identifier = ?)
2023-04-02 21:17:20.063 [http-nio-5000-exec-10] "POST /recruit/user/login HTTP/1.1" DEBUG com.recruit.mapper.UserIdentityMapper.selectOne - ==> Parameters: 7(Integer), USERNAME_PASSWORD(String), hr1(String)
2023-04-02 21:17:20.069 [http-nio-5000-exec-10] "POST /recruit/user/login HTTP/1.1" DEBUG com.recruit.mapper.UserIdentityMapper.selectOne - <==      Total: 1
2023-04-02 21:17:20.297 [http-nio-5000-exec-10] "POST /recruit/user/login HTTP/1.1" DEBUG o.s.w.s.m.m.a.RequestResponseBodyMethodProcessor - Using 'application/json', given [application/json, text/plain, */*] and supported [application/json, application/*+json, application/json, application/*+json]
2023-04-02 21:17:20.297 [http-nio-5000-exec-10] "POST /recruit/user/login HTTP/1.1" DEBUG o.s.w.s.m.m.a.RequestResponseBodyMethodProcessor - Writing [Tokens{accessToken='eyJ0eXAiOiJKV1QiLCJhbGciOiJIUzI1NiJ9.eyJpZGVudGl0eSI6Nywic2NvcGUiOiJsaW4iLCJ0eXB (truncated)...]
2023-04-02 21:17:20.297 [http-nio-5000-exec-10] "POST /recruit/user/login HTTP/1.1" DEBUG org.springframework.web.servlet.DispatcherServlet - Completed 200 OK
2023-04-02 21:17:20.304 [http-nio-5000-exec-5] "OPTIONS /recruit/user/permissions HTTP/1.1" DEBUG org.springframework.web.servlet.DispatcherServlet - OPTIONS "/recruit/user/permissions", parameters={}
2023-04-02 21:17:20.304 [http-nio-5000-exec-5] "OPTIONS /recruit/user/permissions HTTP/1.1" DEBUG o.s.w.s.m.m.a.RequestMappingHandlerMapping - Mapped to com.recruit.controller.UserController#getPermissions()
2023-04-02 21:17:20.305 [http-nio-5000-exec-5] "OPTIONS /recruit/user/permissions HTTP/1.1" DEBUG org.springframework.web.servlet.DispatcherServlet - Completed 200 OK
2023-04-02 21:17:20.308 [http-nio-5000-exec-7] "GET /recruit/user/permissions HTTP/1.1" DEBUG org.springframework.web.servlet.DispatcherServlet - GET "/recruit/user/permissions", parameters={}
2023-04-02 21:17:20.308 [http-nio-5000-exec-7] "GET /recruit/user/permissions HTTP/1.1" DEBUG o.s.w.s.m.m.a.RequestMappingHandlerMapping - Mapped to com.recruit.controller.UserController#getPermissions()
2023-04-02 21:17:20.335 [http-nio-5000-exec-7] "GET /recruit/user/permissions HTTP/1.1" DEBUG com.recruit.mapper.UserMapper.selectById - ==>  Preparing: SELECT id,username,nickname,avatar,email,tel,create_time,update_time,delete_time FROM `user` WHERE id=? AND delete_time IS NULL
2023-04-02 21:17:20.336 [http-nio-5000-exec-7] "GET /recruit/user/permissions HTTP/1.1" DEBUG com.recruit.mapper.UserMapper.selectById - ==> Parameters: 7(Integer)
2023-04-02 21:17:20.341 [http-nio-5000-exec-7] "GET /recruit/user/permissions HTTP/1.1" DEBUG com.recruit.mapper.UserMapper.selectById - <==      Total: 1
2023-04-02 21:17:20.349 [http-nio-5000-exec-7] "GET /recruit/user/permissions HTTP/1.1" DEBUG com.recruit.mapper.GroupMapper.selectOne - ==>  Preparing: SELECT id,name,info,`level`,create_time,update_time,delete_time FROM `group` WHERE delete_time IS NULL AND (`level` = ?)
2023-04-02 21:17:20.350 [http-nio-5000-exec-7] "GET /recruit/user/permissions HTTP/1.1" DEBUG com.recruit.mapper.GroupMapper.selectOne - ==> Parameters: 1(Integer)
2023-04-02 21:17:20.357 [http-nio-5000-exec-7] "GET /recruit/user/permissions HTTP/1.1" DEBUG com.recruit.mapper.GroupMapper.selectOne - <==      Total: 1
2023-04-02 21:17:20.360 [http-nio-5000-exec-7] "GET /recruit/user/permissions HTTP/1.1" DEBUG com.recruit.mapper.UserGroupMapper.selectOne - ==>  Preparing: SELECT id,user_id,group_id FROM user_group WHERE (user_id = ? AND group_id = ?)
2023-04-02 21:17:20.360 [http-nio-5000-exec-7] "GET /recruit/user/permissions HTTP/1.1" DEBUG com.recruit.mapper.UserGroupMapper.selectOne - ==> Parameters: 7(Integer), 1(Integer)
2023-04-02 21:17:20.363 [http-nio-5000-exec-7] "GET /recruit/user/permissions HTTP/1.1" DEBUG com.recruit.mapper.UserGroupMapper.selectOne - <==      Total: 0
2023-04-02 21:17:20.365 [http-nio-5000-exec-7] "GET /recruit/user/permissions HTTP/1.1" DEBUG com.recruit.mapper.GroupMapper.selectUserGroupIds - ==>  Preparing: SELECT g.id from `group` AS g WHERE g.delete_time IS NULL AND g.id IN ( SELECT ug.group_id FROM `user` AS u LEFT JOIN `user_group` as ug ON ug.user_id = u.id WHERE u.id = ? AND u.delete_time IS NULL )
2023-04-02 21:17:20.365 [http-nio-5000-exec-7] "GET /recruit/user/permissions HTTP/1.1" DEBUG com.recruit.mapper.GroupMapper.selectUserGroupIds - ==> Parameters: 7(Integer)
2023-04-02 21:17:20.370 [http-nio-5000-exec-7] "GET /recruit/user/permissions HTTP/1.1" DEBUG com.recruit.mapper.GroupMapper.selectUserGroupIds - <==      Total: 1
2023-04-02 21:17:20.377 [http-nio-5000-exec-7] "GET /recruit/user/permissions HTTP/1.1" DEBUG c.r.m.PermissionMapper.selectPermissionsByGroupIds - ==>  Preparing: SELECT p.id, p.name, p.module, p.mount, p.create_time, p.update_time, p.delete_time FROM permission AS p WHERE p.delete_time IS NULL AND p.mount = true AND p.id IN ( SELECT gp.permission_id FROM group_permission AS gp WHERE gp.group_id IN ( ? ) )
2023-04-02 21:17:20.377 [http-nio-5000-exec-7] "GET /recruit/user/permissions HTTP/1.1" DEBUG c.r.m.PermissionMapper.selectPermissionsByGroupIds - ==> Parameters: 3(Integer)
2023-04-02 21:17:20.382 [http-nio-5000-exec-7] "GET /recruit/user/permissions HTTP/1.1" DEBUG c.r.m.PermissionMapper.selectPermissionsByGroupIds - <==      Total: 15
2023-04-02 21:17:20.437 [http-nio-5000-exec-7] "GET /recruit/user/permissions HTTP/1.1" DEBUG o.s.w.s.m.m.a.RequestResponseBodyMethodProcessor - Using 'application/json', given [application/json, text/plain, */*] and supported [application/json, application/*+json, application/json, application/*+json]
2023-04-02 21:17:20.437 [http-nio-5000-exec-7] "GET /recruit/user/permissions HTTP/1.1" DEBUG o.s.w.s.m.m.a.RequestResponseBodyMethodProcessor - Writing [UserPermissionVO(id=7, nickname=马经理, avatar=https://bjck.xilikeli.cn/72d0786bad734967803d882ce5cbbbf (truncated)...]
2023-04-02 21:17:20.438 [http-nio-5000-exec-7] "GET /recruit/user/permissions HTTP/1.1" DEBUG org.springframework.web.servlet.DispatcherServlet - Completed 200 OK
2023-04-02 21:17:20.454 [http-nio-5000-exec-9] "OPTIONS /recruit/user/getGroup/7 HTTP/1.1" DEBUG org.springframework.web.servlet.DispatcherServlet - OPTIONS "/recruit/user/getGroup/7", parameters={}
2023-04-02 21:17:20.457 [http-nio-5000-exec-9] "OPTIONS /recruit/user/getGroup/7 HTTP/1.1" DEBUG o.s.w.s.m.m.a.RequestMappingHandlerMapping - Mapped to com.recruit.controller.UserController#getUserGroup(Integer)
2023-04-02 21:17:20.457 [http-nio-5000-exec-9] "OPTIONS /recruit/user/getGroup/7 HTTP/1.1" DEBUG org.springframework.web.servlet.DispatcherServlet - Completed 200 OK
2023-04-02 21:17:20.461 [http-nio-5000-exec-6] "GET /recruit/user/getGroup/7 HTTP/1.1" DEBUG org.springframework.web.servlet.DispatcherServlet - GET "/recruit/user/getGroup/7", parameters={}
2023-04-02 21:17:20.462 [http-nio-5000-exec-6] "GET /recruit/user/getGroup/7 HTTP/1.1" DEBUG o.s.w.s.m.m.a.RequestMappingHandlerMapping - Mapped to com.recruit.controller.UserController#getUserGroup(Integer)
2023-04-02 21:17:20.463 [http-nio-5000-exec-6] "GET /recruit/user/getGroup/7 HTTP/1.1" DEBUG com.recruit.mapper.UserMapper.selectById - ==>  Preparing: SELECT id,username,nickname,avatar,email,tel,create_time,update_time,delete_time FROM `user` WHERE id=? AND delete_time IS NULL
2023-04-02 21:17:20.464 [http-nio-5000-exec-6] "GET /recruit/user/getGroup/7 HTTP/1.1" DEBUG com.recruit.mapper.UserMapper.selectById - ==> Parameters: 7(Integer)
2023-04-02 21:17:20.464 [http-nio-5000-exec-6] "GET /recruit/user/getGroup/7 HTTP/1.1" DEBUG com.recruit.mapper.UserMapper.selectById - <==      Total: 1
2023-04-02 21:17:20.471 [http-nio-5000-exec-6] "GET /recruit/user/getGroup/7 HTTP/1.1" DEBUG com.recruit.mapper.UserGroupMapper.selectOne - ==>  Preparing: SELECT id,user_id,group_id FROM user_group WHERE (user_id = ?)
2023-04-02 21:17:20.471 [http-nio-5000-exec-6] "GET /recruit/user/getGroup/7 HTTP/1.1" DEBUG com.recruit.mapper.UserGroupMapper.selectOne - ==> Parameters: 7(Integer)
2023-04-02 21:17:20.474 [http-nio-5000-exec-6] "GET /recruit/user/getGroup/7 HTTP/1.1" DEBUG com.recruit.mapper.UserGroupMapper.selectOne - <==      Total: 1
2023-04-02 21:17:20.474 [http-nio-5000-exec-6] "GET /recruit/user/getGroup/7 HTTP/1.1" DEBUG o.s.w.s.m.m.a.RequestResponseBodyMethodProcessor - Using 'application/json', given [application/json, text/plain, */*] and supported [application/json, application/*+json, application/json, application/*+json]
2023-04-02 21:17:20.474 [http-nio-5000-exec-6] "GET /recruit/user/getGroup/7 HTTP/1.1" DEBUG o.s.w.s.m.m.a.RequestResponseBodyMethodProcessor - Writing [3]
2023-04-02 21:17:20.475 [http-nio-5000-exec-6] "GET /recruit/user/getGroup/7 HTTP/1.1" DEBUG org.springframework.web.servlet.DispatcherServlet - Completed 200 OK
2023-04-02 21:35:16.331 [http-nio-5000-exec-8] "OPTIONS /recruit/category/show HTTP/1.1" DEBUG org.springframework.web.servlet.DispatcherServlet - OPTIONS "/recruit/category/show", parameters={}
2023-04-02 21:35:16.333 [http-nio-5000-exec-8] "OPTIONS /recruit/category/show HTTP/1.1" DEBUG o.s.w.s.m.m.a.RequestMappingHandlerMapping - Mapped to com.recruit.controller.CategoryController#show()
2023-04-02 21:35:16.334 [http-nio-5000-exec-8] "OPTIONS /recruit/category/show HTTP/1.1" DEBUG org.springframework.web.servlet.DispatcherServlet - Completed 200 OK
2023-04-02 21:35:16.335 [http-nio-5000-exec-3] "OPTIONS /recruit/company/find HTTP/1.1" DEBUG org.springframework.web.servlet.DispatcherServlet - OPTIONS "/recruit/company/find", parameters={}
2023-04-02 21:35:16.335 [http-nio-5000-exec-3] "OPTIONS /recruit/company/find HTTP/1.1" DEBUG o.s.w.s.m.m.a.RequestMappingHandlerMapping - Mapped to com.recruit.controller.CompanyController#findHot()
2023-04-02 21:35:16.335 [http-nio-5000-exec-1] "OPTIONS /recruit/position/sort HTTP/1.1" DEBUG org.springframework.web.servlet.DispatcherServlet - OPTIONS "/recruit/position/sort", parameters={}
2023-04-02 21:35:16.335 [http-nio-5000-exec-1] "OPTIONS /recruit/position/sort HTTP/1.1" DEBUG o.s.w.s.m.m.a.RequestMappingHandlerMapping - Mapped to com.recruit.controller.PositionController#sort()
2023-04-02 21:35:16.336 [http-nio-5000-exec-1] "OPTIONS /recruit/position/sort HTTP/1.1" DEBUG org.springframework.web.servlet.DispatcherServlet - Completed 200 OK
2023-04-02 21:35:16.336 [http-nio-5000-exec-3] "OPTIONS /recruit/company/find HTTP/1.1" DEBUG org.springframework.web.servlet.DispatcherServlet - Completed 200 OK
2023-04-02 21:35:16.336 [http-nio-5000-exec-4] "OPTIONS /recruit/position/page/keyword HTTP/1.1" DEBUG org.springframework.web.servlet.DispatcherServlet - OPTIONS "/recruit/position/page/keyword?page=0&count=12&keyword=", parameters={masked}
2023-04-02 21:35:16.336 [http-nio-5000-exec-4] "OPTIONS /recruit/position/page/keyword HTTP/1.1" DEBUG o.s.w.s.m.m.a.RequestMappingHandlerMapping - Mapped to com.recruit.controller.PositionController#pageKeyword(Integer, Integer, String)
2023-04-02 21:35:16.337 [http-nio-5000-exec-4] "OPTIONS /recruit/position/page/keyword HTTP/1.1" DEBUG org.springframework.web.servlet.DispatcherServlet - Completed 200 OK
2023-04-02 21:35:16.341 [http-nio-5000-exec-10] "GET /recruit/category/show HTTP/1.1" DEBUG org.springframework.web.servlet.DispatcherServlet - GET "/recruit/category/show", parameters={}
2023-04-02 21:35:16.341 [http-nio-5000-exec-10] "GET /recruit/category/show HTTP/1.1" DEBUG o.s.w.s.m.m.a.RequestMappingHandlerMapping - Mapped to com.recruit.controller.CategoryController#show()
2023-04-02 21:35:16.346 [http-nio-5000-exec-9] "GET /recruit/position/page/keyword HTTP/1.1" DEBUG org.springframework.web.servlet.DispatcherServlet - GET "/recruit/position/page/keyword?page=0&count=12&keyword=", parameters={masked}
2023-04-02 21:35:16.346 [http-nio-5000-exec-7] "GET /recruit/company/find HTTP/1.1" DEBUG org.springframework.web.servlet.DispatcherServlet - GET "/recruit/company/find", parameters={}
2023-04-02 21:35:16.346 [http-nio-5000-exec-5] "GET /recruit/position/sort HTTP/1.1" DEBUG org.springframework.web.servlet.DispatcherServlet - GET "/recruit/position/sort", parameters={}
2023-04-02 21:35:16.346 [http-nio-5000-exec-9] "GET /recruit/position/page/keyword HTTP/1.1" DEBUG o.s.w.s.m.m.a.RequestMappingHandlerMapping - Mapped to com.recruit.controller.PositionController#pageKeyword(Integer, Integer, String)
2023-04-02 21:35:16.347 [http-nio-5000-exec-5] "GET /recruit/position/sort HTTP/1.1" DEBUG o.s.w.s.m.m.a.RequestMappingHandlerMapping - Mapped to com.recruit.controller.PositionController#sort()
2023-04-02 21:35:16.347 [http-nio-5000-exec-10] "GET /recruit/category/show HTTP/1.1" DEBUG com.recruit.mapper.CategoryMapper.show - ==>  Preparing: SELECT * FROM category where delete_time is null LIMIT 0,9
2023-04-02 21:35:16.347 [http-nio-5000-exec-7] "GET /recruit/company/find HTTP/1.1" DEBUG o.s.w.s.m.m.a.RequestMappingHandlerMapping - Mapped to com.recruit.controller.CompanyController#findHot()
2023-04-02 21:35:16.347 [http-nio-5000-exec-10] "GET /recruit/category/show HTTP/1.1" DEBUG com.recruit.mapper.CategoryMapper.show - ==> Parameters: 
2023-04-02 21:35:16.358 [http-nio-5000-exec-5] "GET /recruit/position/sort HTTP/1.1" DEBUG com.recruit.mapper.PositionMapper.sortByHits - ==>  Preparing: SELECT p.*,c.name as company_name,c.logo FROM position p,company c where p.company_id = c.id and p.delete_time is null and p.state = 1 ORDER BY hits desc LIMIT 0,8
2023-04-02 21:35:16.358 [http-nio-5000-exec-7] "GET /recruit/company/find HTTP/1.1" DEBUG com.recruit.mapper.CompanyMapper.findHotCompany - ==>  Preparing: SELECT * FROM `company` where delete_time is null and state = 1 LIMIT 0,8
2023-04-02 21:35:16.358 [http-nio-5000-exec-10] "GET /recruit/category/show HTTP/1.1" DEBUG com.recruit.mapper.CategoryMapper.show - <==      Total: 9
2023-04-02 21:35:16.358 [http-nio-5000-exec-7] "GET /recruit/company/find HTTP/1.1" DEBUG com.recruit.mapper.CompanyMapper.findHotCompany - ==> Parameters: 
2023-04-02 21:35:16.358 [http-nio-5000-exec-5] "GET /recruit/position/sort HTTP/1.1" DEBUG com.recruit.mapper.PositionMapper.sortByHits - ==> Parameters: 
2023-04-02 21:35:16.358 [http-nio-5000-exec-10] "GET /recruit/category/show HTTP/1.1" DEBUG o.s.w.s.m.m.a.RequestResponseBodyMethodProcessor - Using 'application/json', given [application/json, text/plain, */*] and supported [application/json, application/*+json, application/json, application/*+json]
2023-04-02 21:35:16.358 [http-nio-5000-exec-10] "GET /recruit/category/show HTTP/1.1" DEBUG o.s.w.s.m.m.a.RequestResponseBodyMethodProcessor - Writing [[CategoryDO(name=Java开发, description=这个分类是Java开发), CategoryDO(name=C++开发, description=这个分类是C++开发), C (truncated)...]
2023-04-02 21:35:16.358 [http-nio-5000-exec-9] "GET /recruit/position/page/keyword HTTP/1.1" DEBUG com.recruit.mapper.PositionMapper.getPageByKeyword - ==>  Preparing: SELECT COUNT(1) FROM position p LEFT JOIN company c ON p.company_id = c.id LEFT JOIN category ca ON p.category_id = ca.id WHERE p.state = 1 AND p.delete_time IS NULL AND p.title LIKE concat('%', ?, '%')
2023-04-02 21:35:16.359 [http-nio-5000-exec-9] "GET /recruit/position/page/keyword HTTP/1.1" DEBUG com.recruit.mapper.PositionMapper.getPageByKeyword - ==> Parameters: (String)
2023-04-02 21:35:16.359 [http-nio-5000-exec-10] "GET /recruit/category/show HTTP/1.1" DEBUG org.springframework.web.servlet.DispatcherServlet - Completed 200 OK
2023-04-02 21:35:16.359 [http-nio-5000-exec-7] "GET /recruit/company/find HTTP/1.1" DEBUG com.recruit.mapper.CompanyMapper.findHotCompany - <==      Total: 8
2023-04-02 21:35:16.360 [http-nio-5000-exec-7] "GET /recruit/company/find HTTP/1.1" DEBUG o.s.w.s.m.m.a.RequestResponseBodyMethodProcessor - Using 'application/json', given [application/json, text/plain, */*] and supported [application/json, application/*+json, application/json, application/*+json]
2023-04-02 21:35:16.360 [http-nio-5000-exec-7] "GET /recruit/company/find HTTP/1.1" DEBUG o.s.w.s.m.m.a.RequestResponseBodyMethodProcessor - Writing [[CompanyDO(name=阿里巴巴, foreignName=Alibaba, city=中国杭州1, logo=https://bjck.xilikeli.cn/61007a1aced342c (truncated)...]
2023-04-02 21:35:16.360 [http-nio-5000-exec-7] "GET /recruit/company/find HTTP/1.1" DEBUG org.springframework.web.servlet.DispatcherServlet - Completed 200 OK
2023-04-02 21:35:16.368 [http-nio-5000-exec-9] "GET /recruit/position/page/keyword HTTP/1.1" DEBUG com.recruit.mapper.PositionMapper.getPageByKeyword - ==>  Preparing: SELECT p.*,c.id as company_id,c.name as company_name,c.description as company_desc,c.logo as logo,ca.id as category_id,ca.name as category_name FROM position p left join company c on p.company_id = c.id left join category ca on p.category_id = ca.id where p.state = 1 and p.delete_time is null and p.title like concat('%',?,'%') LIMIT ?
2023-04-02 21:35:16.368 [http-nio-5000-exec-9] "GET /recruit/position/page/keyword HTTP/1.1" DEBUG com.recruit.mapper.PositionMapper.getPageByKeyword - ==> Parameters: (String), 12(Long)
2023-04-02 21:35:16.369 [http-nio-5000-exec-5] "GET /recruit/position/sort HTTP/1.1" DEBUG com.recruit.mapper.PositionMapper.sortByHits - <==      Total: 8
2023-04-02 21:35:16.370 [http-nio-5000-exec-5] "GET /recruit/position/sort HTTP/1.1" DEBUG o.s.w.s.m.m.a.RequestResponseBodyMethodProcessor - Using 'application/json', given [application/json, text/plain, */*] and supported [application/json, application/*+json, application/json, application/*+json]
2023-04-02 21:35:16.370 [http-nio-5000-exec-5] "GET /recruit/position/sort HTTP/1.1" DEBUG o.s.w.s.m.m.a.RequestResponseBodyMethodProcessor - Writing [[PositionResultDO(CategoryName=null, CompanyName=阿里巴巴, CompanyDesc=null, logo=https://bjck.xilikeli. (truncated)...]
2023-04-02 21:35:16.371 [http-nio-5000-exec-5] "GET /recruit/position/sort HTTP/1.1" DEBUG org.springframework.web.servlet.DispatcherServlet - Completed 200 OK
2023-04-02 21:35:16.372 [http-nio-5000-exec-9] "GET /recruit/position/page/keyword HTTP/1.1" DEBUG com.recruit.mapper.PositionMapper.getPageByKeyword - <==      Total: 12
2023-04-02 21:35:16.372 [http-nio-5000-exec-9] "GET /recruit/position/page/keyword HTTP/1.1" DEBUG o.s.w.s.m.m.a.RequestResponseBodyMethodProcessor - Using 'application/json', given [application/json, text/plain, */*] and supported [application/json, application/*+json, application/json, application/*+json]
2023-04-02 21:35:16.372 [http-nio-5000-exec-9] "GET /recruit/position/page/keyword HTTP/1.1" DEBUG o.s.w.s.m.m.a.RequestResponseBodyMethodProcessor - Writing [PageResponseVO(total=16, items=[PositionResultDO(CategoryName=Java开发, CompanyName=阿里巴巴, CompanyDesc= (truncated)...]
2023-04-02 21:35:16.374 [http-nio-5000-exec-9] "GET /recruit/position/page/keyword HTTP/1.1" DEBUG org.springframework.web.servlet.DispatcherServlet - Completed 200 OK
2023-04-02 21:35:21.641 [http-nio-5000-exec-1] "GET /recruit/category/show HTTP/1.1" DEBUG org.springframework.web.servlet.DispatcherServlet - GET "/recruit/category/show", parameters={}
2023-04-02 21:35:21.641 [http-nio-5000-exec-4] "GET /recruit/position/page/keyword HTTP/1.1" DEBUG org.springframework.web.servlet.DispatcherServlet - GET "/recruit/position/page/keyword?page=0&count=12&keyword=", parameters={masked}
2023-04-02 21:35:21.642 [http-nio-5000-exec-1] "GET /recruit/category/show HTTP/1.1" DEBUG o.s.w.s.m.m.a.RequestMappingHandlerMapping - Mapped to com.recruit.controller.CategoryController#show()
2023-04-02 21:35:21.642 [http-nio-5000-exec-4] "GET /recruit/position/page/keyword HTTP/1.1" DEBUG o.s.w.s.m.m.a.RequestMappingHandlerMapping - Mapped to com.recruit.controller.PositionController#pageKeyword(Integer, Integer, String)
2023-04-02 21:35:21.645 [http-nio-5000-exec-7] "GET /recruit/company/find HTTP/1.1" DEBUG org.springframework.web.servlet.DispatcherServlet - GET "/recruit/company/find", parameters={}
2023-04-02 21:35:21.645 [http-nio-5000-exec-1] "GET /recruit/category/show HTTP/1.1" DEBUG com.recruit.mapper.CategoryMapper.show - ==>  Preparing: SELECT * FROM category where delete_time is null LIMIT 0,9
2023-04-02 21:35:21.645 [http-nio-5000-exec-10] "GET /recruit/position/sort HTTP/1.1" DEBUG org.springframework.web.servlet.DispatcherServlet - GET "/recruit/position/sort", parameters={}
2023-04-02 21:35:21.645 [http-nio-5000-exec-7] "GET /recruit/company/find HTTP/1.1" DEBUG o.s.w.s.m.m.a.RequestMappingHandlerMapping - Mapped to com.recruit.controller.CompanyController#findHot()
2023-04-02 21:35:21.645 [http-nio-5000-exec-1] "GET /recruit/category/show HTTP/1.1" DEBUG com.recruit.mapper.CategoryMapper.show - ==> Parameters: 
2023-04-02 21:35:21.645 [http-nio-5000-exec-10] "GET /recruit/position/sort HTTP/1.1" DEBUG o.s.w.s.m.m.a.RequestMappingHandlerMapping - Mapped to com.recruit.controller.PositionController#sort()
2023-04-02 21:35:21.650 [http-nio-5000-exec-1] "GET /recruit/category/show HTTP/1.1" DEBUG com.recruit.mapper.CategoryMapper.show - <==      Total: 9
2023-04-02 21:35:21.650 [http-nio-5000-exec-10] "GET /recruit/position/sort HTTP/1.1" DEBUG com.recruit.mapper.PositionMapper.sortByHits - ==>  Preparing: SELECT p.*,c.name as company_name,c.logo FROM position p,company c where p.company_id = c.id and p.delete_time is null and p.state = 1 ORDER BY hits desc LIMIT 0,8
2023-04-02 21:35:21.650 [http-nio-5000-exec-7] "GET /recruit/company/find HTTP/1.1" DEBUG com.recruit.mapper.CompanyMapper.findHotCompany - ==>  Preparing: SELECT * FROM `company` where delete_time is null and state = 1 LIMIT 0,8
2023-04-02 21:35:21.650 [http-nio-5000-exec-1] "GET /recruit/category/show HTTP/1.1" DEBUG o.s.w.s.m.m.a.RequestResponseBodyMethodProcessor - Using 'application/json', given [application/json, text/plain, */*] and supported [application/json, application/*+json, application/json, application/*+json]
2023-04-02 21:35:21.650 [http-nio-5000-exec-10] "GET /recruit/position/sort HTTP/1.1" DEBUG com.recruit.mapper.PositionMapper.sortByHits - ==> Parameters: 
2023-04-02 21:35:21.650 [http-nio-5000-exec-7] "GET /recruit/company/find HTTP/1.1" DEBUG com.recruit.mapper.CompanyMapper.findHotCompany - ==> Parameters: 
2023-04-02 21:35:21.650 [http-nio-5000-exec-1] "GET /recruit/category/show HTTP/1.1" DEBUG o.s.w.s.m.m.a.RequestResponseBodyMethodProcessor - Writing [[CategoryDO(name=Java开发, description=这个分类是Java开发), CategoryDO(name=C++开发, description=这个分类是C++开发), C (truncated)...]
2023-04-02 21:35:21.651 [http-nio-5000-exec-1] "GET /recruit/category/show HTTP/1.1" DEBUG org.springframework.web.servlet.DispatcherServlet - Completed 200 OK
2023-04-02 21:35:21.651 [http-nio-5000-exec-4] "GET /recruit/position/page/keyword HTTP/1.1" DEBUG com.recruit.mapper.PositionMapper.getPageByKeyword - ==>  Preparing: SELECT COUNT(1) FROM position p LEFT JOIN company c ON p.company_id = c.id LEFT JOIN category ca ON p.category_id = ca.id WHERE p.state = 1 AND p.delete_time IS NULL AND p.title LIKE concat('%', ?, '%')
2023-04-02 21:35:21.651 [http-nio-5000-exec-7] "GET /recruit/company/find HTTP/1.1" DEBUG com.recruit.mapper.CompanyMapper.findHotCompany - <==      Total: 8
2023-04-02 21:35:21.651 [http-nio-5000-exec-4] "GET /recruit/position/page/keyword HTTP/1.1" DEBUG com.recruit.mapper.PositionMapper.getPageByKeyword - ==> Parameters: (String)
2023-04-02 21:35:21.651 [http-nio-5000-exec-10] "GET /recruit/position/sort HTTP/1.1" DEBUG com.recruit.mapper.PositionMapper.sortByHits - <==      Total: 8
2023-04-02 21:35:21.651 [http-nio-5000-exec-7] "GET /recruit/company/find HTTP/1.1" DEBUG o.s.w.s.m.m.a.RequestResponseBodyMethodProcessor - Using 'application/json', given [application/json, text/plain, */*] and supported [application/json, application/*+json, application/json, application/*+json]
2023-04-02 21:35:21.651 [http-nio-5000-exec-10] "GET /recruit/position/sort HTTP/1.1" DEBUG o.s.w.s.m.m.a.RequestResponseBodyMethodProcessor - Using 'application/json', given [application/json, text/plain, */*] and supported [application/json, application/*+json, application/json, application/*+json]
2023-04-02 21:35:21.651 [http-nio-5000-exec-10] "GET /recruit/position/sort HTTP/1.1" DEBUG o.s.w.s.m.m.a.RequestResponseBodyMethodProcessor - Writing [[PositionResultDO(CategoryName=null, CompanyName=阿里巴巴, CompanyDesc=null, logo=https://bjck.xilikeli. (truncated)...]
2023-04-02 21:35:21.651 [http-nio-5000-exec-7] "GET /recruit/company/find HTTP/1.1" DEBUG o.s.w.s.m.m.a.RequestResponseBodyMethodProcessor - Writing [[CompanyDO(name=阿里巴巴, foreignName=Alibaba, city=中国杭州1, logo=https://bjck.xilikeli.cn/61007a1aced342c (truncated)...]
2023-04-02 21:35:21.652 [http-nio-5000-exec-7] "GET /recruit/company/find HTTP/1.1" DEBUG org.springframework.web.servlet.DispatcherServlet - Completed 200 OK
2023-04-02 21:35:21.653 [http-nio-5000-exec-10] "GET /recruit/position/sort HTTP/1.1" DEBUG org.springframework.web.servlet.DispatcherServlet - Completed 200 OK
2023-04-02 21:35:21.654 [http-nio-5000-exec-4] "GET /recruit/position/page/keyword HTTP/1.1" DEBUG com.recruit.mapper.PositionMapper.getPageByKeyword - ==>  Preparing: SELECT p.*,c.id as company_id,c.name as company_name,c.description as company_desc,c.logo as logo,ca.id as category_id,ca.name as category_name FROM position p left join company c on p.company_id = c.id left join category ca on p.category_id = ca.id where p.state = 1 and p.delete_time is null and p.title like concat('%',?,'%') LIMIT ?
2023-04-02 21:35:21.654 [http-nio-5000-exec-4] "GET /recruit/position/page/keyword HTTP/1.1" DEBUG com.recruit.mapper.PositionMapper.getPageByKeyword - ==> Parameters: (String), 12(Long)
2023-04-02 21:35:21.657 [http-nio-5000-exec-4] "GET /recruit/position/page/keyword HTTP/1.1" DEBUG com.recruit.mapper.PositionMapper.getPageByKeyword - <==      Total: 12
2023-04-02 21:35:21.658 [http-nio-5000-exec-4] "GET /recruit/position/page/keyword HTTP/1.1" DEBUG o.s.w.s.m.m.a.RequestResponseBodyMethodProcessor - Using 'application/json', given [application/json, text/plain, */*] and supported [application/json, application/*+json, application/json, application/*+json]
2023-04-02 21:35:21.658 [http-nio-5000-exec-4] "GET /recruit/position/page/keyword HTTP/1.1" DEBUG o.s.w.s.m.m.a.RequestResponseBodyMethodProcessor - Writing [PageResponseVO(total=16, items=[PositionResultDO(CategoryName=Java开发, CompanyName=阿里巴巴, CompanyDesc= (truncated)...]
2023-04-02 21:35:21.659 [http-nio-5000-exec-4] "GET /recruit/position/page/keyword HTTP/1.1" DEBUG org.springframework.web.servlet.DispatcherServlet - Completed 200 OK
2023-04-02 22:36:14.302 [http-nio-5000-exec-7] "GET /recruit/company/find HTTP/1.1" DEBUG org.springframework.web.servlet.DispatcherServlet - GET "/recruit/company/find", parameters={}
2023-04-02 22:36:14.302 [http-nio-5000-exec-6] "GET /recruit/position/page/keyword HTTP/1.1" DEBUG org.springframework.web.servlet.DispatcherServlet - GET "/recruit/position/page/keyword?page=0&count=12&keyword=", parameters={masked}
2023-04-02 22:36:14.302 [http-nio-5000-exec-2] "GET /recruit/category/show HTTP/1.1" DEBUG org.springframework.web.servlet.DispatcherServlet - GET "/recruit/category/show", parameters={}
2023-04-02 22:36:14.302 [http-nio-5000-exec-1] "GET /recruit/position/sort HTTP/1.1" DEBUG org.springframework.web.servlet.DispatcherServlet - GET "/recruit/position/sort", parameters={}
2023-04-02 22:36:14.331 [http-nio-5000-exec-2] "GET /recruit/category/show HTTP/1.1" DEBUG o.s.w.s.m.m.a.RequestMappingHandlerMapping - Mapped to com.recruit.controller.CategoryController#show()
2023-04-02 22:36:14.331 [http-nio-5000-exec-6] "GET /recruit/position/page/keyword HTTP/1.1" DEBUG o.s.w.s.m.m.a.RequestMappingHandlerMapping - Mapped to com.recruit.controller.PositionController#pageKeyword(Integer, Integer, String)
2023-04-02 22:36:14.331 [http-nio-5000-exec-1] "GET /recruit/position/sort HTTP/1.1" DEBUG o.s.w.s.m.m.a.RequestMappingHandlerMapping - Mapped to com.recruit.controller.PositionController#sort()
2023-04-02 22:36:14.331 [http-nio-5000-exec-7] "GET /recruit/company/find HTTP/1.1" DEBUG o.s.w.s.m.m.a.RequestMappingHandlerMapping - Mapped to com.recruit.controller.CompanyController#findHot()
2023-04-02 22:36:14.394 [http-nio-5000-exec-2] "GET /recruit/category/show HTTP/1.1" DEBUG com.recruit.mapper.CategoryMapper.show - ==>  Preparing: SELECT * FROM category where delete_time is null LIMIT 0,9
2023-04-02 22:36:14.394 [http-nio-5000-exec-7] "GET /recruit/company/find HTTP/1.1" DEBUG com.recruit.mapper.CompanyMapper.findHotCompany - ==>  Preparing: SELECT * FROM `company` where delete_time is null and state = 1 LIMIT 0,8
2023-04-02 22:36:14.394 [http-nio-5000-exec-1] "GET /recruit/position/sort HTTP/1.1" DEBUG com.recruit.mapper.PositionMapper.sortByHits - ==>  Preparing: SELECT p.*,c.name as company_name,c.logo FROM position p,company c where p.company_id = c.id and p.delete_time is null and p.state = 1 ORDER BY hits desc LIMIT 0,8
2023-04-02 22:36:14.400 [http-nio-5000-exec-2] "GET /recruit/category/show HTTP/1.1" DEBUG com.recruit.mapper.CategoryMapper.show - ==> Parameters: 
2023-04-02 22:36:14.400 [http-nio-5000-exec-7] "GET /recruit/company/find HTTP/1.1" DEBUG com.recruit.mapper.CompanyMapper.findHotCompany - ==> Parameters: 
2023-04-02 22:36:14.400 [http-nio-5000-exec-1] "GET /recruit/position/sort HTTP/1.1" DEBUG com.recruit.mapper.PositionMapper.sortByHits - ==> Parameters: 
2023-04-02 22:36:14.410 [http-nio-5000-exec-2] "GET /recruit/category/show HTTP/1.1" DEBUG com.recruit.mapper.CategoryMapper.show - <==      Total: 9
2023-04-02 22:36:14.411 [http-nio-5000-exec-7] "GET /recruit/company/find HTTP/1.1" DEBUG com.recruit.mapper.CompanyMapper.findHotCompany - <==      Total: 8
2023-04-02 22:36:14.412 [http-nio-5000-exec-1] "GET /recruit/position/sort HTTP/1.1" DEBUG com.recruit.mapper.PositionMapper.sortByHits - <==      Total: 8
2023-04-02 22:36:14.417 [http-nio-5000-exec-6] "GET /recruit/position/page/keyword HTTP/1.1" DEBUG com.recruit.mapper.PositionMapper.getPageByKeyword - ==>  Preparing: SELECT COUNT(1) FROM position p LEFT JOIN company c ON p.company_id = c.id LEFT JOIN category ca ON p.category_id = ca.id WHERE p.state = 1 AND p.delete_time IS NULL AND p.title LIKE concat('%', ?, '%')
2023-04-02 22:36:14.418 [http-nio-5000-exec-6] "GET /recruit/position/page/keyword HTTP/1.1" DEBUG com.recruit.mapper.PositionMapper.getPageByKeyword - ==> Parameters: (String)
2023-04-02 22:36:14.427 [http-nio-5000-exec-1] "GET /recruit/position/sort HTTP/1.1" DEBUG o.s.w.s.m.m.a.RequestResponseBodyMethodProcessor - Using 'application/json', given [application/json, text/plain, */*] and supported [application/json, application/*+json, application/json, application/*+json]
2023-04-02 22:36:14.427 [http-nio-5000-exec-2] "GET /recruit/category/show HTTP/1.1" DEBUG o.s.w.s.m.m.a.RequestResponseBodyMethodProcessor - Using 'application/json', given [application/json, text/plain, */*] and supported [application/json, application/*+json, application/json, application/*+json]
2023-04-02 22:36:14.427 [http-nio-5000-exec-7] "GET /recruit/company/find HTTP/1.1" DEBUG o.s.w.s.m.m.a.RequestResponseBodyMethodProcessor - Using 'application/json', given [application/json, text/plain, */*] and supported [application/json, application/*+json, application/json, application/*+json]
2023-04-02 22:36:14.428 [http-nio-5000-exec-2] "GET /recruit/category/show HTTP/1.1" DEBUG o.s.w.s.m.m.a.RequestResponseBodyMethodProcessor - Writing [[CategoryDO(name=Java开发, description=这个分类是Java开发), CategoryDO(name=C++开发, description=这个分类是C++开发), C (truncated)...]
2023-04-02 22:36:14.428 [http-nio-5000-exec-1] "GET /recruit/position/sort HTTP/1.1" DEBUG o.s.w.s.m.m.a.RequestResponseBodyMethodProcessor - Writing [[PositionResultDO(CategoryName=null, CompanyName=阿里巴巴, CompanyDesc=null, logo=https://bjck.xilikeli. (truncated)...]
2023-04-02 22:36:14.428 [http-nio-5000-exec-7] "GET /recruit/company/find HTTP/1.1" DEBUG o.s.w.s.m.m.a.RequestResponseBodyMethodProcessor - Writing [[CompanyDO(name=阿里巴巴, foreignName=Alibaba, city=中国杭州1, logo=https://bjck.xilikeli.cn/61007a1aced342c (truncated)...]
2023-04-02 22:36:14.429 [http-nio-5000-exec-6] "GET /recruit/position/page/keyword HTTP/1.1" DEBUG com.recruit.mapper.PositionMapper.getPageByKeyword - ==>  Preparing: SELECT p.*,c.id as company_id,c.name as company_name,c.description as company_desc,c.logo as logo,ca.id as category_id,ca.name as category_name FROM position p left join company c on p.company_id = c.id left join category ca on p.category_id = ca.id where p.state = 1 and p.delete_time is null and p.title like concat('%',?,'%') LIMIT ?
2023-04-02 22:36:14.430 [http-nio-5000-exec-6] "GET /recruit/position/page/keyword HTTP/1.1" DEBUG com.recruit.mapper.PositionMapper.getPageByKeyword - ==> Parameters: (String), 12(Long)
2023-04-02 22:36:14.434 [http-nio-5000-exec-6] "GET /recruit/position/page/keyword HTTP/1.1" DEBUG com.recruit.mapper.PositionMapper.getPageByKeyword - <==      Total: 12
2023-04-02 22:36:14.435 [http-nio-5000-exec-6] "GET /recruit/position/page/keyword HTTP/1.1" DEBUG o.s.w.s.m.m.a.RequestResponseBodyMethodProcessor - Using 'application/json', given [application/json, text/plain, */*] and supported [application/json, application/*+json, application/json, application/*+json]
2023-04-02 22:36:14.435 [http-nio-5000-exec-6] "GET /recruit/position/page/keyword HTTP/1.1" DEBUG o.s.w.s.m.m.a.RequestResponseBodyMethodProcessor - Writing [PageResponseVO(total=16, items=[PositionResultDO(CategoryName=Java开发, CompanyName=阿里巴巴, CompanyDesc= (truncated)...]
2023-04-02 22:36:14.438 [http-nio-5000-exec-7] "GET /recruit/company/find HTTP/1.1" DEBUG org.springframework.web.servlet.DispatcherServlet - Completed 200 OK
2023-04-02 22:36:14.438 [http-nio-5000-exec-2] "GET /recruit/category/show HTTP/1.1" DEBUG org.springframework.web.servlet.DispatcherServlet - Completed 200 OK
2023-04-02 22:36:14.439 [http-nio-5000-exec-6] "GET /recruit/position/page/keyword HTTP/1.1" DEBUG org.springframework.web.servlet.DispatcherServlet - Completed 200 OK
2023-04-02 22:36:14.439 [http-nio-5000-exec-1] "GET /recruit/position/sort HTTP/1.1" DEBUG org.springframework.web.servlet.DispatcherServlet - Completed 200 OK
2023-04-02 23:36:15.590 [http-nio-5000-exec-5] "GET /recruit/category/show HTTP/1.1" DEBUG org.springframework.web.servlet.DispatcherServlet - GET "/recruit/category/show", parameters={}
2023-04-02 23:36:15.591 [http-nio-5000-exec-9] "GET /recruit/position/page/keyword HTTP/1.1" DEBUG org.springframework.web.servlet.DispatcherServlet - GET "/recruit/position/page/keyword?page=0&count=12&keyword=", parameters={masked}
2023-04-02 23:36:15.595 [http-nio-5000-exec-1] "GET /recruit/position/sort HTTP/1.1" DEBUG org.springframework.web.servlet.DispatcherServlet - GET "/recruit/position/sort", parameters={}
2023-04-02 23:36:15.595 [http-nio-5000-exec-5] "GET /recruit/category/show HTTP/1.1" DEBUG o.s.w.s.m.m.a.RequestMappingHandlerMapping - Mapped to com.recruit.controller.CategoryController#show()
2023-04-02 23:36:15.595 [http-nio-5000-exec-9] "GET /recruit/position/page/keyword HTTP/1.1" DEBUG o.s.w.s.m.m.a.RequestMappingHandlerMapping - Mapped to com.recruit.controller.PositionController#pageKeyword(Integer, Integer, String)
2023-04-02 23:36:15.595 [http-nio-5000-exec-1] "GET /recruit/position/sort HTTP/1.1" DEBUG o.s.w.s.m.m.a.RequestMappingHandlerMapping - Mapped to com.recruit.controller.PositionController#sort()
2023-04-02 23:36:15.595 [http-nio-5000-exec-6] "GET /recruit/company/find HTTP/1.1" DEBUG org.springframework.web.servlet.DispatcherServlet - GET "/recruit/company/find", parameters={}
2023-04-02 23:36:15.596 [http-nio-5000-exec-6] "GET /recruit/company/find HTTP/1.1" DEBUG o.s.w.s.m.m.a.RequestMappingHandlerMapping - Mapped to com.recruit.controller.CompanyController#findHot()
2023-04-02 23:36:15.614 [http-nio-5000-exec-1] "GET /recruit/position/sort HTTP/1.1" DEBUG com.recruit.mapper.PositionMapper.sortByHits - ==>  Preparing: SELECT p.*,c.name as company_name,c.logo FROM position p,company c where p.company_id = c.id and p.delete_time is null and p.state = 1 ORDER BY hits desc LIMIT 0,8
2023-04-02 23:36:15.614 [http-nio-5000-exec-6] "GET /recruit/company/find HTTP/1.1" DEBUG com.recruit.mapper.CompanyMapper.findHotCompany - ==>  Preparing: SELECT * FROM `company` where delete_time is null and state = 1 LIMIT 0,8
2023-04-02 23:36:15.614 [http-nio-5000-exec-5] "GET /recruit/category/show HTTP/1.1" DEBUG com.recruit.mapper.CategoryMapper.show - ==>  Preparing: SELECT * FROM category where delete_time is null LIMIT 0,9
2023-04-02 23:36:15.615 [http-nio-5000-exec-5] "GET /recruit/category/show HTTP/1.1" DEBUG com.recruit.mapper.CategoryMapper.show - ==> Parameters: 
2023-04-02 23:36:15.615 [http-nio-5000-exec-6] "GET /recruit/company/find HTTP/1.1" DEBUG com.recruit.mapper.CompanyMapper.findHotCompany - ==> Parameters: 
2023-04-02 23:36:15.615 [http-nio-5000-exec-1] "GET /recruit/position/sort HTTP/1.1" DEBUG com.recruit.mapper.PositionMapper.sortByHits - ==> Parameters: 
2023-04-02 23:36:15.617 [http-nio-5000-exec-9] "GET /recruit/position/page/keyword HTTP/1.1" DEBUG com.recruit.mapper.PositionMapper.getPageByKeyword - ==>  Preparing: SELECT COUNT(1) FROM position p LEFT JOIN company c ON p.company_id = c.id LEFT JOIN category ca ON p.category_id = ca.id WHERE p.state = 1 AND p.delete_time IS NULL AND p.title LIKE concat('%', ?, '%')
2023-04-02 23:36:15.617 [http-nio-5000-exec-9] "GET /recruit/position/page/keyword HTTP/1.1" DEBUG com.recruit.mapper.PositionMapper.getPageByKeyword - ==> Parameters: (String)
2023-04-02 23:36:15.622 [http-nio-5000-exec-5] "GET /recruit/category/show HTTP/1.1" DEBUG com.recruit.mapper.CategoryMapper.show - <==      Total: 9
2023-04-02 23:36:15.622 [http-nio-5000-exec-6] "GET /recruit/company/find HTTP/1.1" DEBUG com.recruit.mapper.CompanyMapper.findHotCompany - <==      Total: 8
2023-04-02 23:36:15.625 [http-nio-5000-exec-5] "GET /recruit/category/show HTTP/1.1" DEBUG o.s.w.s.m.m.a.RequestResponseBodyMethodProcessor - Using 'application/json', given [application/json, text/plain, */*] and supported [application/json, application/*+json, application/json, application/*+json]
2023-04-02 23:36:15.625 [http-nio-5000-exec-6] "GET /recruit/company/find HTTP/1.1" DEBUG o.s.w.s.m.m.a.RequestResponseBodyMethodProcessor - Using 'application/json', given [application/json, text/plain, */*] and supported [application/json, application/*+json, application/json, application/*+json]
2023-04-02 23:36:15.625 [http-nio-5000-exec-5] "GET /recruit/category/show HTTP/1.1" DEBUG o.s.w.s.m.m.a.RequestResponseBodyMethodProcessor - Writing [[CategoryDO(name=Java开发, description=这个分类是Java开发), CategoryDO(name=C++开发, description=这个分类是C++开发), C (truncated)...]
2023-04-02 23:36:15.625 [http-nio-5000-exec-6] "GET /recruit/company/find HTTP/1.1" DEBUG o.s.w.s.m.m.a.RequestResponseBodyMethodProcessor - Writing [[CompanyDO(name=阿里巴巴, foreignName=Alibaba, city=中国杭州1, logo=https://bjck.xilikeli.cn/61007a1aced342c (truncated)...]
2023-04-02 23:36:15.627 [http-nio-5000-exec-9] "GET /recruit/position/page/keyword HTTP/1.1" DEBUG com.recruit.mapper.PositionMapper.getPageByKeyword - ==>  Preparing: SELECT p.*,c.id as company_id,c.name as company_name,c.description as company_desc,c.logo as logo,ca.id as category_id,ca.name as category_name FROM position p left join company c on p.company_id = c.id left join category ca on p.category_id = ca.id where p.state = 1 and p.delete_time is null and p.title like concat('%',?,'%') LIMIT ?
2023-04-02 23:36:15.627 [http-nio-5000-exec-9] "GET /recruit/position/page/keyword HTTP/1.1" DEBUG com.recruit.mapper.PositionMapper.getPageByKeyword - ==> Parameters: (String), 12(Long)
2023-04-02 23:36:15.629 [http-nio-5000-exec-5] "GET /recruit/category/show HTTP/1.1" DEBUG org.springframework.web.servlet.DispatcherServlet - Completed 200 OK
2023-04-02 23:36:15.630 [http-nio-5000-exec-6] "GET /recruit/company/find HTTP/1.1" DEBUG org.springframework.web.servlet.DispatcherServlet - Completed 200 OK
2023-04-02 23:36:15.631 [http-nio-5000-exec-1] "GET /recruit/position/sort HTTP/1.1" DEBUG com.recruit.mapper.PositionMapper.sortByHits - <==      Total: 8
2023-04-02 23:36:15.632 [http-nio-5000-exec-9] "GET /recruit/position/page/keyword HTTP/1.1" DEBUG com.recruit.mapper.PositionMapper.getPageByKeyword - <==      Total: 12
2023-04-02 23:36:15.632 [http-nio-5000-exec-1] "GET /recruit/position/sort HTTP/1.1" DEBUG o.s.w.s.m.m.a.RequestResponseBodyMethodProcessor - Using 'application/json', given [application/json, text/plain, */*] and supported [application/json, application/*+json, application/json, application/*+json]
2023-04-02 23:36:15.632 [http-nio-5000-exec-9] "GET /recruit/position/page/keyword HTTP/1.1" DEBUG o.s.w.s.m.m.a.RequestResponseBodyMethodProcessor - Using 'application/json', given [application/json, text/plain, */*] and supported [application/json, application/*+json, application/json, application/*+json]
2023-04-02 23:36:15.632 [http-nio-5000-exec-1] "GET /recruit/position/sort HTTP/1.1" DEBUG o.s.w.s.m.m.a.RequestResponseBodyMethodProcessor - Writing [[PositionResultDO(CategoryName=null, CompanyName=阿里巴巴, CompanyDesc=null, logo=https://bjck.xilikeli. (truncated)...]
2023-04-02 23:36:15.632 [http-nio-5000-exec-9] "GET /recruit/position/page/keyword HTTP/1.1" DEBUG o.s.w.s.m.m.a.RequestResponseBodyMethodProcessor - Writing [PageResponseVO(total=16, items=[PositionResultDO(CategoryName=Java开发, CompanyName=阿里巴巴, CompanyDesc= (truncated)...]
2023-04-02 23:36:15.634 [http-nio-5000-exec-9] "GET /recruit/position/page/keyword HTTP/1.1" DEBUG org.springframework.web.servlet.DispatcherServlet - Completed 200 OK
2023-04-02 23:36:15.634 [http-nio-5000-exec-1] "GET /recruit/position/sort HTTP/1.1" DEBUG org.springframework.web.servlet.DispatcherServlet - Completed 200 OK
